<?xml version="1.0" encoding="UTF-8"?>
<testng-results ignored="0" total="1" passed="1" failed="0" skipped="0">
  <reporter-output>
  </reporter-output>
  <suite started-at="2023-10-09T15:48:45 EDT" name="Default suite" finished-at="2023-10-09T15:49:03 EDT" duration-ms="17802">
    <groups>
    </groups>
    <test started-at="2023-10-09T15:48:45 EDT" name="Default test" finished-at="2023-10-09T15:49:03 EDT" duration-ms="17802">
      <class name="com.swag.labs.regression.suite.SwagLabsRegressionSuite">
        <test-method is-config="true" signature="startBrowser()[pri:0, instance:com.swag.labs.regression.suite.SwagLabsRegressionSuite@2034b64c]" started-at="2023-10-09T15:48:45 EDT" name="startBrowser" finished-at="2023-10-09T15:48:50 EDT" duration-ms="5058" status="PASS">
          <reporter-output>
          </reporter-output>
        </test-method> <!-- startBrowser -->
        <test-method signature="swagLabsLoginPageValidation(java.lang.String,java.lang.String)[pri:0, instance:com.swag.labs.regression.suite.SwagLabsRegressionSuite@2034b64c]" started-at="2023-10-09T15:48:51 EDT" name="swagLabsLoginPageValidation" data-provider="getLoginPage" finished-at="2023-10-09T15:49:00 EDT" duration-ms="9597" status="PASS">
          <params>
            <param index="0">
              <value>
                <![CDATA[standard_user]]>
              </value>
            </param>
            <param index="1">
              <value>
                <![CDATA[secret_sauce]]>
              </value>
            </param>
          </params>
          <reporter-output>
          </reporter-output>
        </test-method> <!-- swagLabsLoginPageValidation -->
        <test-method is-config="true" signature="closeBrowser()[pri:0, instance:com.swag.labs.regression.suite.SwagLabsRegressionSuite@2034b64c]" started-at="2023-10-09T15:49:00 EDT" name="closeBrowser" finished-at="2023-10-09T15:49:03 EDT" duration-ms="2339" status="PASS">
          <reporter-output>
          </reporter-output>
        </test-method> <!-- closeBrowser -->
      </class> <!-- com.swag.labs.regression.suite.SwagLabsRegressionSuite -->
    </test> <!-- Default test -->
  </suite> <!-- Default suite -->
</testng-results>
